ShowUIChecking ABA status...
No record, test directly
iaba :-1
===[ Check Grey wall Night ]===
Close CaliTool 
Overwrite cal_FT5_Night.ini file to \CaliTool\cal.ini
Copy standard script before open
***Begin open CaliTool****
script.ini: modify IQcal_Display = 0 .
open CaliTool.exe file !
***open CaliTool successful****

 wait 1700 secs for image stable ...
=================Capture image time 0==================
Waiting create folder...
Waiting create folder...
Waiting create folder...
Create folder sucess...
Create file sucess...
NGFinish get GreyWall value..
a41162c75fba
lum[0], lum[1], lum[2], lum[3], lum[4], Result[0], Result[1], Result[2], Result[3], Result[4], Result
17, 42, 25, 47, 32, NG, NG, NG, NG, NG, OK
NG-Calibrated : 1, 0, 0, 0, 0, 0
NG
Close calitool before reopen ...
Close CaliTool 
=================Capture image time 1==================
***Begin open CaliTool****
script.ini: modify IQcal_Display = 0 .
open CaliTool.exe file !
***open CaliTool successful****

 wait 5000 secs for image stable ...
Start copy .\CaliTool\output\GreyWall to .\CaliTool\output\GreyWall_backup2.
Datetime (yyyy-MM-dd HH:mm:ss): 2020-12-03 15:24:44
Start copy D:\FT5(U12I386T01)\CaliTool\output\GreyWall\a41162c75fba.txt to .\CaliTool\output\GreyWall_backup2\a41162c75fba.txt.
Copy success...
Delete folder image, txt before capture ...
Waiting create folder...
Waiting create folder...
Waiting create folder...
Create folder sucess...
Create file sucess...
NGFinish get GreyWall value..
a41162c75fba
lum[0], lum[1], lum[2], lum[3], lum[4], Result[0], Result[1], Result[2], Result[3], Result[4], Result
71, 68, 135, 60, 52, PASS, PASS, PASS, PASS, NG, OK
NG-Calibrated : 1, 0, 0, 0, 0, 0
NG
a41162c75fba
lum[0], lum[1], lum[2], lum[3], lum[4], Result[0], Result[1], Result[2], Result[3], Result[4], Result
71, 68, 135, 60, 52, PASS, PASS, PASS, PASS, NG, OK
NG-Calibrated : 1, 0, 0, 0, 0, 0
NG
===[ GW01 Check Grey wall night mode failed. ... ]===
Close CaliTool 
Delay 0 MiliSecond
==============Start show fail=================
TEST PROGRAM VERSION:2.3.2.8  TEST CYCLE TIME:20
===[ GW01 Check Grey wall night mode failed. ... ]===

----------------Summary all test item--------------
Test item name                Result  Test time
 1.CheckGreyWallGen5_Night1    FAIL    19.49s
 2.CheckGreyWallGen5_ICR                     
 3.CheckGreyWallGen5_SportLight1              
 4.CheckColorUniformity                      
 5.SendSfis                                  
---------------------------------------------------
Write summary log server: F:\lsy\ID\U12I386T01\MODEL NAME \FT5 -> OK
Write summary log localD:\Arlo_Logs\U12I386T01\MODEL NAME \FT5\03-12-2020 -> OK
Details log local folder: D:\Arlo_Logs\U12I386T01\MODEL NAME \FT5\03-12-2020\FAIL
