Delay 1000 MiliSecond
Wait to have OVTI Serial Port
.
Start connect !
Start Open COM !
usb serial baud rate(DEF): 1c200
set csr(0): 0x30000 0x40002000
set csr(1): 0x1 0x50000000
set csr(2): 0x2 0x2000080
set csr(3): 0x30003 0x0
set csr(4): 0x30004 0x200000f1
set csr(5): 0x30005 0x100000d4
set csr(6): 0x30006 0x100000c3
id2:13 addr = 440000, len = 197e40
# Setup: 1000680 400000
Setup: 1000680 120000
Setup: 2000680 ff0000
Setup: 3000680 ff0000
Setup: 3020680 ff0409
Setup: 1000680 120000
Setup: 2000680 90000
Warning: Descriptor length(43) > request.wLength(9)
Setup: 2000680 430000
Setup: 2000680 1090000
Set config: 1
++ HS
ep[3] cfg0: a3004200, cfg1: 8100030, maxpkt: 200
ep[84] cfg0: e4104200, cfg1: 8100030, maxpkt: 200
ep[81] cfg0: f1201040, cfg1: 8020010, maxpkt: 40
Setup: 21a1 70000
Get: rate 115200
Setup: 2221 0
Host2Dev Length [0]!!!
control signal: 0x0
Setup: 2021 70000
Set: rate 115200, Stop 0, Parity 0, Data 8
Setup: 21a1 70000
Get: rate 115200
hassflash 0
hassnand 0
hassnand 1
calib hdlen : 20000, area size : 40000 area addr : 20a0000
uart0 flow[Y] init!!!
FXCN_mcu_write hci data cmd=50
Init GPIO interface.
Init FXCN_burnin_init.
Init FXCN_mcu_init.
Init switchmode_init.
Init workmode_init.
Init FXCN_rssi_init.
Init FXCN_version_init.
Init param area.
FXCN throughput test init done.
FXCN debug param init done.

<Dev Info>
	sn: 00005442550a6bf6
	pw: SbVwPXQO
	mac: ffffffa4-11-62-75-54-32
<WiFi Info>
	ssid: testapp
	key: abcdef1234
	country_code: US
	security: auto
Easycam is initialized.

work_mode:0
[INFO]: Work mode:0.
Misc thread start!!!
Setup: 21a1 70000
Get: rate 115200
Setup: 21a1 70000
Get: rate 115200
Setup: 21a1 70000

Get: rate 115200
Setup: 21a1 70000
Get: rate 115200
Setup: 2021 70000
Set: rate 115200, Stop 0, Parity 0, Data 8
Setup: 21a1 70000
Get: rate 115200
Setup: 22221 0
Host2Dev Length [0]!!!
control signal: 0x2
Setup: 2021 70000
Set: rate 115200, Stop 0, Parity 0, Data 8
Setup: 21a1 70000
Get: rate 115200
Setup: 21a1 70000
Get: rate 115200
Setup: 21a1 70000
Get: rate 115200
Setup: 2021 70000
Set: rate 115200, Stop 0, Parity 0, Data 8
Setup: 21a1 70000
Get: rate 115200
Setup: 22221 0
Host2Dev Length [0]!!!
control signal: 0x2
Setup: 2021 70000
Set: rate 115200, Stop 0, Parity 0, Data 8
Setup: 21a1 70000
Get: rate 115200
Setup: 22221 0
Host2Dev Length [0]!!!
control signal: 0x2
Setup: 21a1 70000
Get: rate 115200
Setup: 21a1 70000
Get: rate 115200
Setup: 2021 70000
Set: rate 115200, Stop 0, Parity 0, Data 8
Setup: 21a1 70000
Get: rate 115200
Setup: 2221 0
Host2Dev Length [0]!!!
control signal: 0x0
Setup: 2021 70000
Set: rate 115200, Stop 0, Parity 0, Data 8
Setup: 21a1 70000
Get: rate 115200

Wait # !


# 


# 
Connect DUT sussess.

======Check Microchi Part Number======
===[ SFIS OFF. No burn Certkey ... ]===

===[ SFIS OFF. No read Certkey ... ]===

skip check setting of fixture file
===[ Check LED]===
NumberLEDCheck= 4
Delete file .\CCDResult.ini 
White LED,	ov led BLUE OFF;ov led AMBER OFF;fmcu LED blue off;fmcu LED amber off;led w set 35000;led w on,	#,	300,100
***** Start check  White LED. *****
Log:	ov led BLUE OFF
09:08:24
DUT.Write:ov led BLUE OFF
ov led BLUE OFF

# 
Delay 100 MiliSecond
Log:ov led AMBER OFF
09:08:24
DUT.Write:ov led AMBER OFF
ov led AMBER OFF

# 
Delay 100 MiliSecond
Log:fmcu LED blue off
09:08:25
DUT.Write:fmcu LED blue off
fmcu LED blue off
FXCN_mcu_write hci data cmd=1

# 
Delay 100 MiliSecond
Log:fmcu LED amber off
09:08:25
DUT.Write:fmcu LED amber off
fmcu LED amber off
FXCN_mcu_write hci data cmd=1

# 
Delay 100 MiliSecond
Log:led w set 35000
09:08:25
DUT.Write:led w set 35000
led w set 35000
led 2, br 35000
wled brightness 35000
=================>sub_addr =f40000, para_addr=f20000 block_size=20000
9 
6 
7 
8 

max 9, min 6, max2 -1, min2 -1
oldest item 1, latest item 0
blk_no:0x7c
real_row_adr:0x1f00
blk_no:0x7d
real_row_adr:0x1f40
pagesize:0x800 oobsize:0x34
nand_program_page program size=2048  page_count=1
col_adr=0x0 row_adr=0x1f40 src_adr=0x203c5a80
bbt magic num
pagesize:0x800 oobsize:0x34
nand_program_page program size=873  page_count=1
col_adr=0x0 row_adr=0x1f41 src_adr=0x203c6280
bbt magic num
pagesize:0x800 oobsize:0x34
nand_program_page program size=4  page_count=1
col_adr=0x0 row_adr=0x1f00 src_adr=0x203c5890
bbt magic num
save address 0xf80000, new version=10

# 
Delay 100 MiliSecond
Log:led w on
09:08:25
DUT.Write:led w on
led w on
led 2, br 35000
wled brightness 35000

# 
Delay 100 MiliSecond
writeCCDControl.ini
Write test flag CCDControl.ini: 1
CCD v2.0.0.8,Status-White:60-60-236,
Test time of : 2.95978
Delete file .\CCDResult.ini 
Blue LED ,	fmcu LED amber off;led w off;gpio white_en off;fmcu LED blue off;ov led AMBER OFF;gpio blue_led on;gpio blue_led on,	#,	300,100
***** Start check  Blue LED. *****
Log:	fmcu LED amber off
09:08:27
DUT.Write:fmcu LED amber off
fmcu LED amber off
FXCN_mcu_write hci data cmd=1

# 
Delay 100 MiliSecond
Log:led w off
09:08:27
DUT.Write:led w off
led w off
led 0, br 0

# 
Delay 100 MiliSecond
Log:gpio white_en off
09:08:28
DUT.Write:gpio white_en off
gpio white_en off

# 
Delay 100 MiliSecond
Log:fmcu LED blue off
09:08:28
DUT.Write:fmcu LED blue off
fmcu LED blue off
FXCN_mcu_write hci data cmd=1

# 
Delay 100 MiliSecond
Log:ov led AMBER OFF
09:08:28
DUT.Write:ov led AMBER OFF
ov led AMBER OFF

# 
Delay 100 MiliSecond
Log:gpio blue_led on
09:08:28
DUT.Write:gpio blue_led on
gpio blue_led on

# 
Delay 100 MiliSecond
Log:gpio blue_led on
09:08:29
DUT.Write:gpio blue_led on
gpio blue_led on

# 
Delay 100 MiliSecond
writeCCDControl.ini
Write test flag CCDControl.ini: 2
CCD v2.0.0.8,Status-Blue:146-231-139,
Test time of : 3.6170883
Delete file .\CCDResult.ini 
AmberFMCU LED,	gpio blue_led off;fmcu LED blue off;gpio amber_led off;fmcu LED blue off;fmcu LED amber on;fmcu LED blue off;fmcu LED amber on,	#,	300,100
***** Start check  AmberFMCU LED. *****
Log:	gpio blue_led off
09:08:31
DUT.Write:gpio blue_led off
gpio blue_led off

# 
Delay 100 MiliSecond
Log:fmcu LED blue off
09:08:31
DUT.Write:fmcu LED blue off
fmcu LED blue off
FXCN_mcu_write hci data cmd=1

# 
Delay 100 MiliSecond
Log:gpio amber_led off
09:08:31
DUT.Write:gpio amber_led off
gpio amber_led off

# 
Delay 100 MiliSecond
Log:fmcu LED blue off
09:08:31
DUT.Write:fmcu LED blue off
fmcu LED blue off
FXCN_mcu_write hci data cmd=1

# 
Delay 100 MiliSecond
Log:fmcu LED amber on
09:08:32
DUT.Write:fmcu LED amber on
fmcu LED amber on
FXCN_mcu_write hci data cmd=1

# 
Delay 100 MiliSecond
Log:fmcu LED blue off
09:08:32
DUT.Write:fmcu LED blue off
fmcu LED blue off
FXCN_mcu_write hci data cmd=1

# 
Delay 100 MiliSecond
Log:fmcu LED amber on
09:08:32
DUT.Write:fmcu LED amber on
fmcu LED amber on
FXCN_mcu_write hci data cmd=1

# 
Delay 100 MiliSecond
writeCCDControl.ini
Write test flag CCDControl.ini: 3
CCD v2.0.0.8,Status-Amber:11-238-140,
Test time of : 3.2526911
Delete file .\CCDResult.ini 
Blue fmcu LED,	ov led AMBER OFF;fmcu LED amber off;ov led BLUE OFF;fmcu LED blue on,	#,	300,100
***** Start check  Blue fmcu LED. *****
Log:	ov led AMBER OFF
09:08:34
DUT.Write:ov led AMBER OFF
ov led AMBER OFF

# 
Delay 100 MiliSecond
Log:fmcu LED amber off
09:08:34
DUT.Write:fmcu LED amber off
fmcu LED amber off
FXCN_mcu_write hci data cmd=1

# 
Delay 100 MiliSecond
Log:ov led BLUE OFF
09:08:34
DUT.Write:ov led BLUE OFF
ov led BLUE OFF

# 
Delay 100 MiliSecond
Log:fmcu LED blue on
09:08:35
DUT.Write:fmcu LED blue on
fmcu LED blue on
FXCN_mcu_write hci data cmd=1

# 
Delay 100 MiliSecond
writeCCDControl.ini
Write test flag CCDControl.ini: 4
CCD v2.0.0.8,Status-Blue:146-227-136,
Test time of : 3.2854738
09:08:37
DUT.Write:ov led AMBER OFF
ov led AMBER OFF

# 
09:08:37
DUT.Write:ov led BLUE OFF
ov led BLUE OFF


# 
09:08:38
DUT.Write:led w off
led w off
led 0, br 0

# 
Delay 100 MiliSecond
Delay 100 MiliSecond
===[ Set parameter ]===
09:08:38
DUT.Write:wl --init
===[ Set parameter passed ... ]===

REG key path= SOFTWARE\Netgear\STATION\FT\NFT_MULTI11
Bind socket IQServer  sucess
09:08:40
DUT.Write:wl pkteng_stop tx
09:08:42
Send error: A device attached to the system is not functioning.

09:09:42
Send error: The port 'COM4' does not exist.
09:09:44
DUT.Write:wl --init
09:09:45
DUT.Write:wl ver
09:09:45
DUT.Write:wl mpc 0
09:09:46
DUT.Write:wl up
09:09:46
DUT.Write:wl phy_watchdog 0
09:09:46
DUT.Write:wl country ALL
09:09:46
DUT.Write:wl country
09:09:46
DUT.Write:wl pkteng_stop tx 
09:09:46
DUT.Write:wl band b
09:09:47
DUT.Write:wl channel 6
09:09:47
DUT.Write:wl up
09:09:47
DUT.Write:wl phy_forcecal 1
09:09:48
DUT.Write:wl scansuppress 1
09:09:48
DUT.Write:wl 2g_rate -r 1
09:09:48
DUT.Write:wl phy_txpwrctrl 1
09:09:49
DUT.Write:wl txpwr1 -o -d 21.5
09:09:49
DUT.Write:wl antdiv_en 0
09:09:49
DUT.Write:wl antdiv 0
09:09:50
DUT.Write:wl pkteng_start 00:00:00:00:00:01 tx 100 1024 0
09:09:51
DUT.Write:wl pkteng_stop tx 
09:09:52
DUT.Write:wl band b
09:09:52
DUT.Write:wl channel 6
09:09:52
DUT.Write:wl up
09:09:53
DUT.Write:wl phy_forcecal 1
09:09:53
DUT.Write:wl scansuppress 1
09:09:53
DUT.Write:wl 2g_rate -r 1
09:09:54
DUT.Write:wl phy_txpwrctrl 1
09:09:54
DUT.Write:wl txpwr1 -o -d 21.5
09:09:54
DUT.Write:wl antdiv_en 0
09:09:55
DUT.Write:wl antdiv 0
09:09:55
DUT.Write:wl pkteng_start 00:00:00:00:00:01 tx 100 1024 0
09:09:56
DUT.Write:wl pkteng_stop tx 
09:09:57
DUT.Write:wl band b
09:09:57
DUT.Write:wl channel 6
09:09:57
DUT.Write:wl up
09:09:58
DUT.Write:wl phy_forcecal 1
09:09:58
DUT.Write:wl scansuppress 1
09:09:58
DUT.Write:wl 2g_rate -r 1
09:09:59
DUT.Write:wl phy_txpwrctrl 1
09:09:59
DUT.Write:wl txpwr1 -o -d 21.5
09:09:59
DUT.Write:wl antdiv_en 0
09:10:00
DUT.Write:wl antdiv 0
09:10:00
DUT.Write:wl pkteng_start 00:00:00:00:00:01 tx 100 1024 0
09:10:02
DUT.Write:wl pkteng_stop tx 
09:10:02
DUT.Write:wl --init 
09:10:02
DUT.Write:wl antdiv_en 0
09:10:02
DUT.Write:wl antdiv 1
09:10:03
DUT.Write:wl band b
09:10:03
DUT.Write:wl channel 6
09:10:03
DUT.Write:wl up
09:10:04
DUT.Write:wl phy_forcecal 1
09:10:04
DUT.Write:wl scansuppress 1
09:10:04
DUT.Write:wl 2g_rate -r 1
09:10:05
DUT.Write:wl phy_txpwrctrl 1
09:10:05
DUT.Write:wl txpwr1 -o -d 21.5
09:10:05
DUT.Write:wl antdiv_en 0
09:10:06
DUT.Write:wl antdiv 1
09:10:06
DUT.Write:wl pkteng_start 10:20:30:40:50:60 tx 100 1024 0
09:10:08
DUT.Write:wl pkteng_stop tx 
09:10:08
DUT.Write:wl --init 
09:10:08
DUT.Write:wl antdiv_en 0
09:10:09
DUT.Write:wl antdiv 1
09:10:09
DUT.Write:wl band b
09:10:09
DUT.Write:wl channel 6
09:10:10
DUT.Write:wl up
09:10:10
DUT.Write:wl phy_forcecal 1
09:10:10
DUT.Write:wl scansuppress 1
09:10:11
DUT.Write:wl 2g_rate -r 1
09:10:11
DUT.Write:wl phy_txpwrctrl 1
09:10:11
DUT.Write:wl txpwr1 -o -d 21.5
09:10:12
DUT.Write:wl antdiv_en 0
09:10:12
DUT.Write:wl antdiv 1
09:10:12
DUT.Write:wl pkteng_start 10:20:30:40:50:60 tx 100 1024 0
09:10:14
DUT.Write:wl pkteng_stop tx 
09:10:14
DUT.Write:wl --init 
09:10:14
DUT.Write:wl antdiv_en 0
09:10:15
DUT.Write:wl antdiv 1
09:10:15
DUT.Write:wl band b
09:10:15
DUT.Write:wl channel 6
09:10:16
DUT.Write:wl up
09:10:16
DUT.Write:wl phy_forcecal 1
09:10:16
DUT.Write:wl scansuppress 1
09:10:17
DUT.Write:wl 2g_rate -r 1
09:10:17
DUT.Write:wl phy_txpwrctrl 1
09:10:17
DUT.Write:wl txpwr1 -o -d 21.5
09:10:18
DUT.Write:wl antdiv_en 0
09:10:18
DUT.Write:wl antdiv 1
09:10:18
DUT.Write:wl pkteng_start 10:20:30:40:50:60 tx 100 1024 0
09:10:20
DUT.Write:wl pkteng_stop tx
===[ Check Wifi NFT ]===
NFT_MULTI= Test with IQ Server
==========TEST NFT MULTI============= 
Start connect IQ_SERVER 
Read test item....
kteng_stop tx
wl: error -4

# 
Setup: 1000680 400000
Setup: 1000680 120000
Setup: 2000680 ff0000
Setup: 3000680 ff0000
Setup: 3020680 ff0409
Setup: 1000680 120000
Setup: 2000680 90000
Warning: Descriptor length(43) > request.wLength(9)
Setup: 2000680 430000
Setup: 2000680 1090000
Set config: 1
++ HS
ep[3] cfg0: a3004200, cfg1: 8100030, maxpkt: 200
ep[84] cfg0: e4104200, cfg1: 8100030, maxpkt: 200
ep[81] cfg0: f1201040, cfg1: 8020010, maxpkt: 40
Setup: 21a1 70000
Get: rate 115200
Setup: 2221 0
Host2Dev Length [0]!!!
control signal: 0x0
Setup: 2021 70000
Set: rate 115200, Stop 0, Parity 0, Data 8
Setup: 21a1 70000
Get: rate 115200
Setup: 21a1 70000
Get: rate 115200
Setup: 21a1 70000
Get: rate 115200
Setup: 21a1 70000
Get: rate 115200
Setup: 21a1 70000
Get: rate 115200
Setup: 2021 70000
Set: rate 115200, Stop 0, Parity 0, Data 8
Setup: 21a1 70000
Get: rate 115200
Setup: 22221 0
Host2Dev Length [0]!!!
control signal: 0x2
Setup: 2021 70000
Set: rate 115200, Stop 0, Parity 0, Data 8
Setup: 21a1 70000
Get: rate 115200
Setup: 21a1 70000
Get: rate 115200
Setup: 21a1 70000
Get: rate 115200
Setup: 2021 70000
Set: rate 115200, Stop 0, Parity 0, Data 8
Setup: 21a1 70000
Get: rate 115200
Setup: 22221 0
Host2Dev Length [0]!!!
control signal: 0x2
Setup: 2021 70000
Set: rate 115200, Stop 0, Parity 0, Data 8
Setup: 21a1 70000
Get: rate 115200
Setup: 22221 0
Host2Dev Length [0]!!!
control signal: 0x2
Setup: 21a1 70000
Get: rate 115200
Setup: 21a1 70000
Get: rate 115200
Setup: 2021 70000
Set: rate 115200, Stop 0, Parity 0, Data 8
Setup: 21a1 70000

Get: rate 115200
Setup: 2221 0
Host2Dev Length [0]!!!
control signal: 0x0
Setup: 2021 70000
Set: rate 115200, Stop 0, Parity 0, Data 8
Setup: 21a1 70000
Get: rate 115200
wl --init
Wlan is inited already for brcm wl !

# 
wl ver
7/19/2017 build 0
wl0: Jan 31 2020 17:02:01 version 13.18.23 (r722280 WLTEST) FWID 01-ef7e03ca

# 
wl mpc 0

# 
wl up

# 
wl phy_watchdog 0

# 
wl country ALL

# 
wl country
#a (#a/0) <unknown>

# 
TX_VERIFY_POWER 2437 DSSS-1 HT20 #21.5 @1
Cmd: wl pkteng_stop tx 
Cmd: wl band b
Cmd: wl channel 6
Cmd: wl up
Cmd: wl phy_forcecal 1
Cmd: wl scansuppress 1
Cmd: wl 2g_rate -r 1
Cmd: wl phy_txpwrctrl 1
Cmd: wl txpwr1 -o -d 21.5
Cmd: wl antdiv_en 0
Cmd: wl antdiv 0
Cmd: wl pkteng_start 00:00:00:00:00:01 tx 100 1024 0
Cmd: 
 Try send command time 0
wl pkteng_stop tx 

# 
wl band b

# 
wl channel 6

# 
wl up

# 
wl phy_forcecal 1

# 
wl scansuppress 1

# 
wl 2g_rate -r 1

# 
wl phy_txpwrctrl 1

# 
wl txpwr1 -o -d 21.5

# 
wl antdiv_en 0

# 
wl antdiv 0

# 
wl pkteng_start 00:00:00:00:00:01 tx 100 1024 0

# 
Start send item to server: TX_VERIFY_POWER 2437 DSSS-1 HT20 #21.5 @1
Send iTems: TX_VERIFY_POWER 2437 DSSS-1 HT20 #21.5 @1 to server success...
Start get value from server
Value get from Server: P211, [Step 21370] TX_VERIFY_POWER 2437 DSSS-1 HT20 #21.5 @1, Value: 16.95
 Try send command time 1
wl pkteng_stop tx 

# 
wl band b

# 
wl channel 6

# 
wl up

# 
wl phy_forcecal 1

# 
wl scansuppress 1

# 
wl 2g_rate -r 1

# 
wl phy_txpwrctrl 1

# 
wl txpwr1 -o -d 21.5

# 
wl antdiv_en 0

# 
wl antdiv 0

# 
wl pkteng_start 00:00:00:00:00:01 tx 100 1024 0

# 
Start send item to server: TX_VERIFY_POWER 2437 DSSS-1 HT20 #21.5 @1
Send iTems: TX_VERIFY_POWER 2437 DSSS-1 HT20 #21.5 @1 to server success...
Start get value from server
Value get from Server: P211, [Step 21372] TX_VERIFY_POWER 2437 DSSS-1 HT20 #21.5 @1, Value: 16.92
 Try send command time 2
wl pkteng_stop tx 

# 
wl band b

# 
wl channel 6

# 
wl up

# 
wl phy_forcecal 1

# 
wl scansuppress 1

# 
wl 2g_rate -r 1

# 
wl phy_txpwrctrl 1

# 
wl txpwr1 -o -d 21.5

# 
wl antdiv_en 0

# 
wl antdiv 0

# 
wl pkteng_start 00:00:00:00:00:01 tx 100 1024 0

# 
Start send item to server: TX_VERIFY_POWER 2437 DSSS-1 HT20 #21.5 @1
Send iTems: TX_VERIFY_POWER 2437 DSSS-1 HT20 #21.5 @1 to server success...
Start get value from server
Value get from Server: P211, [Step 21374] TX_VERIFY_POWER 2437 DSSS-1 HT20 #21.5 @1, Value: 16.92
P211 POWER of antenna 2G 1 lower than spec
TX_VERIFY_POWER 2437 DSSS-1 HT20 #21.5 @2
Cmd: wl pkteng_stop tx 
Cmd: wl --init 
Cmd: wl antdiv_en 0
Cmd: wl antdiv 1
Cmd: wl band b
Cmd: wl channel 6
Cmd: wl up
Cmd: wl phy_forcecal 1
Cmd: wl scansuppress 1
Cmd: wl 2g_rate -r 1
Cmd: wl phy_txpwrctrl 1
Cmd: wl txpwr1 -o -d 21.5
Cmd: wl antdiv_en 0
Cmd: wl antdiv 1
Cmd: wl pkteng_start 10:20:30:40:50:60 tx 100 1024 0
Cmd: 
 Try send command time 0
wl pkteng_stop tx 

# 
wl --init 
Wlan is inited already for brcm wl !

# 
wl antdiv_en 0

# 
wl antdiv 1


# 
wl band b

# 
wl channel 6

# 
wl up

# 
wl phy_forcecal 1

# 
wl scansuppress 1

# 
wl 2g_rate -r 1

# 
wl phy_txpwrctrl 1

# 
wl txpwr1 -o -d 21.5

# 
wl antdiv_en 0

# 
wl antdiv 1

# 
wl pkteng_start 10:20:30:40:50:60 tx 100 1024 0

# 
Start send item to server: TX_VERIFY_POWER 2437 DSSS-1 HT20 #21.5 @2
Send iTems: TX_VERIFY_POWER 2437 DSSS-1 HT20 #21.5 @2 to server success...
Start get value from server
Value get from Server: P221, [Step 21375] TX_VERIFY_POWER 2437 DSSS-1 HT20 #21.5 @2, Value: 15.60
 Try send command time 1
wl pkteng_stop tx 

# 
wl --init 
Wlan is inited already for brcm wl !

# 
wl antdiv_en 0

# 
wl antdiv 1

# 
wl band b

# 
wl channel 6

# 
wl up

# 
wl phy_forcecal 1

# 
wl scansuppress 1

# 
wl 2g_rate -r 1

# 
wl phy_txpwrctrl 1

# 
wl txpwr1 -o -d 21.5

# 
wl antdiv_en 0

# 
wl antdiv 1

# 
wl pkteng_start 10:20:30:40:50:60 tx 100 1024 0

# 
Start send item to server: TX_VERIFY_POWER 2437 DSSS-1 HT20 #21.5 @2
Send iTems: TX_VERIFY_POWER 2437 DSSS-1 HT20 #21.5 @2 to server success...
Start get value from server
Value get from Server: P221, [Step 21376] TX_VERIFY_POWER 2437 DSSS-1 HT20 #21.5 @2, Value: 15.57
 Try send command time 2
wl pkteng_stop tx 

# 
wl --init 
Wlan is inited already for brcm wl !

# 
wl antdiv_en 0

# 
wl antdiv 1

# 
wl band b

# 
wl channel 6

# 
wl up

# 
wl phy_forcecal 1

# 
wl scansuppress 1

# 
wl 2g_rate -r 1

# 
wl phy_txpwrctrl 1

# 
wl txpwr1 -o -d 21.5

# 
wl antdiv_en 0

# 
wl antdiv 1

# 
wl pkteng_start 10:20:30:40:50:60 tx 100 1024 0

# 
Start send item to server: TX_VERIFY_POWER 2437 DSSS-1 HT20 #21.5 @2
Send iTems: TX_VERIFY_POWER 2437 DSSS-1 HT20 #21.5 @2 to server success...
Start get value from server
Value get from Server: P221, [Step 21377] TX_VERIFY_POWER 2437 DSSS-1 HT20 #21.5 @2, Value: 15.54
P221 POWER of antenna 2G 2 lower than spec
wl pkteng_stop tx

# 

09:10:21
DUT.Write:gpio blue_led on
gpio blue_led on

# 
09:10:21
DUT.Write:fmcu ship_mode
fmcu ship_mode
FXCN_mcu_write hci data cmd=66

# 
DUT enter shiping mode success!
Delay 0 MiliSecond
==============Start show fail=================
TEST PROGRAM VERSION:2.3.2.8  TEST CYCLE TIME:120
===[ P221 POWER of antenna 2G 2 lower than spec ... ]===

----------------Summary all test item--------------
Test item name                Result  Test time
 1.ConnectDUT                  PASS    2.4s  
 2.CheckMicroPartNumber        PASS    0.01s 
 3.DUTBurnCertKey              PASS    0s    
 4.ReadCertKey                 PASS    0s    
 5.CheckLED_Gen5               PASS    14.84s
 6.SetParameter1               PASS    1.67s 
 7.CheckNFT                    FAIL    100.21s
 8.OpenIperfServer                           
 9.SetDTIM                                   
10.CheckWifiThroughput2G_Ant1_Falcon              
11.SendSfis                                  
---------------------------------------------------
Write summary log server: F:\lsy\ID\U12I394\MODEL NAME \FT -> OK
Write summary log localD:\Arlo_Logs\U12I394\MODEL NAME \FT\21-11-2020 -> OK
Details log local folder: D:\Arlo_Logs\U12I394\MODEL NAME \FT\21-11-2020\FAIL
